<?xml version="1.0" encoding="UTF-8" ?>
<testsuite failures="1" time="11.495" errors="0" skipped="2" tests="5" name="TestSuite">
  <properties>
[...]
</properties>
  <testcase time="0.308" classname="za.ac.cput.repository.AssetCrudTest" name="create"/>
  <testcase time="0.011" classname="za.ac.cput.repository.AssetCrudTest" name="read">
    <failure type="java.lang.NullPointerException">java.lang.NullPointerException
	at za.ac.cput.repository.AssetCrudTest.read(AssetCrudTest.java:85)
</failure>
    <system-out>Hibernate: select asset0_.id as id1_0_, asset0_.code as code2_0_, asset0_.name as name3_0_ from asset asset0_
Hibernate: select equipmentl0_.asset_id as asset_id4_0_0_, equipmentl0_.id as id1_1_0_, equipmentl0_.id as id1_1_1_, equipmentl0_.code as code2_1_1_, equipmentl0_.name as name3_1_1_ from equipment equipmentl0_ where equipmentl0_.asset_id=?
Hibernate: select hardwareli0_.asset_id as asset_id4_0_0_, hardwareli0_.id as id1_2_0_, hardwareli0_.id as id1_2_1_, hardwareli0_.code as code2_2_1_, hardwareli0_.name as name3_2_1_ from hardware hardwareli0_ where hardwareli0_.asset_id=?
Hibernate: select softwareli0_.asset_id as asset_id4_0_0_, softwareli0_.id as id1_7_0_, softwareli0_.id as id1_7_1_, softwareli0_.code as code2_7_1_, softwareli0_.name as name3_7_1_ from software softwareli0_ where softwareli0_.asset_id=?
Hibernate: delete from asset where id=?
Hibernate: select asset0_.id as id1_0_0_, asset0_.code as code2_0_0_, asset0_.name as name3_0_0_ from asset asset0_ where asset0_.id=?
</system-out>
  </testcase>
  <testcase time="0.014" classname="za.ac.cput.repository.AssetCrudTest" name="update">
    <skipped/>
  </testcase>
  <testcase time="0.014" classname="za.ac.cput.repository.AssetCrudTest" name="delete">
    <skipped/>
  </testcase>
  <testcase time="0.002" classname="za.ac.cput.AppTest" name="testApp on testApp"/>
</testsuite>