<?xml version="1.0" encoding="UTF-8"?>
<!-- Generated by org.testng.reporters.JUnitXMLReporter -->
<testsuite hostname="student-virtual-machine" name="Command line test" tests="4" failures="1" timestamp="24 May 2015 14:43:13 GMT" time="10.573" errors="0">
  <testcase name="create" time="0.309" classname="za.ac.cput.repository.AssetCrudTest"/>
  <testcase name="read" time="0.008" classname="za.ac.cput.repository.AssetCrudTest">
    <failure type="java.lang.NullPointerException">
      <![CDATA[java.lang.NullPointerException
	at za.ac.cput.repository.AssetCrudTest.read(AssetCrudTest.java:85)
	at org.springframework.test.context.testng.AbstractTestNGSpringContextTests.run(AbstractTestNGSpringContextTests.java:171)
... Removed 36 stack frames]]>
    </failure>
  </testcase> <!-- read -->
  <testcase name="update" time="0.0" classname="za.ac.cput.repository.AssetCrudTest">
    <skipped/>
  </testcase> <!-- update -->
  <testcase name="delete" time="0.0" classname="za.ac.cput.repository.AssetCrudTest">
    <skipped/>
  </testcase> <!-- delete -->
</testsuite> <!-- Command line test -->
