<?xml version="1.0" encoding="UTF-8"?>
<testng-results skipped="2" failed="1" total="4" passed="1">
  <reporter-output>
  </reporter-output>
  <suite name="Command line suite" duration-ms="10573" started-at="2015-05-24T14:43:03Z" finished-at="2015-05-24T14:43:13Z">
    <groups>
    </groups>
    <test name="Command line test" duration-ms="10573" started-at="2015-05-24T14:43:03Z" finished-at="2015-05-24T14:43:13Z">
      <class name="za.ac.cput.repository.AssetCrudTest">
        <test-method status="PASS" signature="springTestContextBeforeTestClass()[pri:0, instance:za.ac.cput.repository.AssetCrudTest@97e90e]" name="springTestContextBeforeTestClass" is-config="true" duration-ms="12" started-at="2015-05-24T16:43:03Z" finished-at="2015-05-24T16:43:03Z">
          <reporter-output>
          </reporter-output>
        </test-method> <!-- springTestContextBeforeTestClass -->
        <test-method status="PASS" signature="springTestContextPrepareTestInstance()[pri:0, instance:za.ac.cput.repository.AssetCrudTest@97e90e]" name="springTestContextPrepareTestInstance" is-config="true" duration-ms="9944" started-at="2015-05-24T16:43:03Z" depends-on-methods="org.springframework.test.context.testng.AbstractTestNGSpringContextTests.springTestContextBeforeTestClass" finished-at="2015-05-24T16:43:13Z">
          <reporter-output>
          </reporter-output>
        </test-method> <!-- springTestContextPrepareTestInstance -->
        <test-method status="PASS" signature="springTestContextBeforeTestMethod(java.lang.reflect.Method)[pri:0, instance:za.ac.cput.repository.AssetCrudTest@97e90e]" name="springTestContextBeforeTestMethod" is-config="true" duration-ms="1" started-at="2015-05-24T16:43:13Z" finished-at="2015-05-24T16:43:13Z">
          <params>
            <param index="0">
              <value>
                <![CDATA[public void za.ac.cput.repository.AssetCrudTest.create() throws java.lang.Exception]]>
              </value>
            </param>
          </params>
          <reporter-output>
          </reporter-output>
        </test-method> <!-- springTestContextBeforeTestMethod -->
        <test-method status="PASS" signature="create()[pri:0, instance:za.ac.cput.repository.AssetCrudTest@97e90e]" name="create" duration-ms="309" started-at="2015-05-24T16:43:13Z" finished-at="2015-05-24T16:43:13Z">
          <reporter-output>
          </reporter-output>
        </test-method> <!-- create -->
        <test-method status="PASS" signature="setUp()[pri:0, instance:za.ac.cput.repository.AssetCrudTest@97e90e]" name="setUp" is-config="true" duration-ms="0" started-at="2015-05-24T16:43:13Z" finished-at="2015-05-24T16:43:13Z">
          <reporter-output>
          </reporter-output>
        </test-method> <!-- setUp -->
        <test-method status="PASS" signature="tearDown()[pri:0, instance:za.ac.cput.repository.AssetCrudTest@97e90e]" name="tearDown" is-config="true" duration-ms="272" started-at="2015-05-24T16:43:13Z" finished-at="2015-05-24T16:43:13Z">
          <reporter-output>
          </reporter-output>
        </test-method> <!-- tearDown -->
        <test-method status="PASS" signature="springTestContextAfterTestMethod(java.lang.reflect.Method)[pri:0, instance:za.ac.cput.repository.AssetCrudTest@97e90e]" name="springTestContextAfterTestMethod" is-config="true" duration-ms="2" started-at="2015-05-24T16:43:13Z" finished-at="2015-05-24T16:43:13Z">
          <params>
            <param index="0">
              <value>
                <![CDATA[public void za.ac.cput.repository.AssetCrudTest.create() throws java.lang.Exception]]>
              </value>
            </param>
          </params>
          <reporter-output>
          </reporter-output>
        </test-method> <!-- springTestContextAfterTestMethod -->
        <test-method status="PASS" signature="setUp()[pri:0, instance:za.ac.cput.repository.AssetCrudTest@97e90e]" name="setUp" is-config="true" duration-ms="0" started-at="2015-05-24T16:43:13Z" finished-at="2015-05-24T16:43:13Z">
          <reporter-output>
          </reporter-output>
        </test-method> <!-- setUp -->
        <test-method status="PASS" signature="springTestContextBeforeTestMethod(java.lang.reflect.Method)[pri:0, instance:za.ac.cput.repository.AssetCrudTest@97e90e]" name="springTestContextBeforeTestMethod" is-config="true" duration-ms="0" started-at="2015-05-24T16:43:13Z" finished-at="2015-05-24T16:43:13Z">
          <params>
            <param index="0">
              <value>
                <![CDATA[public void za.ac.cput.repository.AssetCrudTest.read() throws java.lang.Exception]]>
              </value>
            </param>
          </params>
          <reporter-output>
          </reporter-output>
        </test-method> <!-- springTestContextBeforeTestMethod -->
        <test-method status="FAIL" signature="read()[pri:0, instance:za.ac.cput.repository.AssetCrudTest@97e90e]" name="read" duration-ms="8" started-at="2015-05-24T16:43:13Z" depends-on-methods="za.ac.cput.repository.AssetCrudTest.create" finished-at="2015-05-24T16:43:13Z">
          <exception class="java.lang.NullPointerException">
            <full-stacktrace>
              <![CDATA[java.lang.NullPointerException
	at za.ac.cput.repository.AssetCrudTest.read(AssetCrudTest.java:85)
	at sun.reflect.NativeMethodAccessorImpl.invoke0(Native Method)
	at sun.reflect.NativeMethodAccessorImpl.invoke(NativeMethodAccessorImpl.java:57)
	at sun.reflect.DelegatingMethodAccessorImpl.invoke(DelegatingMethodAccessorImpl.java:43)
	at java.lang.reflect.Method.invoke(Method.java:606)
	at org.testng.internal.MethodInvocationHelper.invokeMethod(MethodInvocationHelper.java:85)
	at org.testng.internal.MethodInvocationHelper$1.runTestMethod(MethodInvocationHelper.java:200)
	at org.springframework.test.context.testng.AbstractTestNGSpringContextTests.run(AbstractTestNGSpringContextTests.java:171)
	at org.testng.internal.MethodInvocationHelper.invokeHookable(MethodInvocationHelper.java:212)
	at org.testng.internal.Invoker.invokeMethod(Invoker.java:689)
	at org.testng.internal.Invoker.invokeTestMethod(Invoker.java:882)
	at org.testng.internal.Invoker.invokeTestMethods(Invoker.java:1189)
	at org.testng.internal.TestMethodWorker.invokeTestMethods(TestMethodWorker.java:124)
	at org.testng.internal.TestMethodWorker.run(TestMethodWorker.java:108)
	at org.testng.TestRunner.privateRun(TestRunner.java:767)
	at org.testng.TestRunner.run(TestRunner.java:617)
	at org.testng.SuiteRunner.runTest(SuiteRunner.java:348)
	at org.testng.SuiteRunner.runSequentially(SuiteRunner.java:343)
	at org.testng.SuiteRunner.privateRun(SuiteRunner.java:305)
	at org.testng.SuiteRunner.run(SuiteRunner.java:254)
	at org.testng.SuiteRunnerWorker.runSuite(SuiteRunnerWorker.java:52)
	at org.testng.SuiteRunnerWorker.run(SuiteRunnerWorker.java:86)
	at org.testng.TestNG.runSuitesSequentially(TestNG.java:1224)
	at org.testng.TestNG.runSuitesLocally(TestNG.java:1149)
	at org.testng.TestNG.run(TestNG.java:1057)
	at org.apache.maven.surefire.testng.TestNGExecutor.run(TestNGExecutor.java:70)
	at org.apache.maven.surefire.testng.TestNGDirectoryTestSuite.executeMulti(TestNGDirectoryTestSuite.java:158)
	at org.apache.maven.surefire.testng.TestNGDirectoryTestSuite.execute(TestNGDirectoryTestSuite.java:98)
	at org.apache.maven.surefire.testng.TestNGProvider.invoke(TestNGProvider.java:111)
	at sun.reflect.NativeMethodAccessorImpl.invoke0(Native Method)
	at sun.reflect.NativeMethodAccessorImpl.invoke(NativeMethodAccessorImpl.java:57)
	at sun.reflect.DelegatingMethodAccessorImpl.invoke(DelegatingMethodAccessorImpl.java:43)
	at java.lang.reflect.Method.invoke(Method.java:606)
	at org.apache.maven.surefire.util.ReflectionUtils.invokeMethodWithArray(ReflectionUtils.java:164)
	at org.apache.maven.surefire.booter.ProviderFactory$ProviderProxy.invoke(ProviderFactory.java:110)
	at org.apache.maven.surefire.booter.SurefireStarter.invokeProvider(SurefireStarter.java:175)
	at org.apache.maven.surefire.booter.SurefireStarter.runSuitesInProcessWhenForked(SurefireStarter.java:107)
	at org.apache.maven.surefire.booter.ForkedBooter.main(ForkedBooter.java:68)
]]>
            </full-stacktrace>
          </exception> <!-- java.lang.NullPointerException -->
          <reporter-output>
          </reporter-output>
        </test-method> <!-- read -->
        <test-method status="PASS" signature="tearDown()[pri:0, instance:za.ac.cput.repository.AssetCrudTest@97e90e]" name="tearDown" is-config="true" duration-ms="3" started-at="2015-05-24T16:43:13Z" finished-at="2015-05-24T16:43:13Z">
          <reporter-output>
          </reporter-output>
        </test-method> <!-- tearDown -->
        <test-method status="PASS" signature="springTestContextAfterTestMethod(java.lang.reflect.Method)[pri:0, instance:za.ac.cput.repository.AssetCrudTest@97e90e]" name="springTestContextAfterTestMethod" is-config="true" duration-ms="0" started-at="2015-05-24T16:43:13Z" finished-at="2015-05-24T16:43:13Z">
          <params>
            <param index="0">
              <value>
                <![CDATA[public void za.ac.cput.repository.AssetCrudTest.read() throws java.lang.Exception]]>
              </value>
            </param>
          </params>
          <reporter-output>
          </reporter-output>
        </test-method> <!-- springTestContextAfterTestMethod -->
        <test-method status="SKIP" signature="delete()[pri:0, instance:za.ac.cput.repository.AssetCrudTest@97e90e]" name="delete" duration-ms="0" started-at="2015-05-24T16:43:13Z" depends-on-methods="za.ac.cput.repository.AssetCrudTest.update" finished-at="2015-05-24T16:43:13Z">
          <exception class="java.lang.Throwable">
            <message>
              <![CDATA[Method AssetCrudTest.delete()[pri:0, instance:za.ac.cput.repository.AssetCrudTest@97e90e] depends on not successfully finished methods]]>
            </message>
            <full-stacktrace>
              <![CDATA[java.lang.Throwable: Method AssetCrudTest.delete()[pri:0, instance:za.ac.cput.repository.AssetCrudTest@97e90e] depends on not successfully finished methods
	at org.testng.internal.Invoker.invokeTestMethods(Invoker.java:1099)
	at org.testng.internal.TestMethodWorker.invokeTestMethods(TestMethodWorker.java:124)
	at org.testng.internal.TestMethodWorker.run(TestMethodWorker.java:108)
	at org.testng.TestRunner.privateRun(TestRunner.java:767)
	at org.testng.TestRunner.run(TestRunner.java:617)
	at org.testng.SuiteRunner.runTest(SuiteRunner.java:348)
	at org.testng.SuiteRunner.runSequentially(SuiteRunner.java:343)
	at org.testng.SuiteRunner.privateRun(SuiteRunner.java:305)
	at org.testng.SuiteRunner.run(SuiteRunner.java:254)
	at org.testng.SuiteRunnerWorker.runSuite(SuiteRunnerWorker.java:52)
	at org.testng.SuiteRunnerWorker.run(SuiteRunnerWorker.java:86)
	at org.testng.TestNG.runSuitesSequentially(TestNG.java:1224)
	at org.testng.TestNG.runSuitesLocally(TestNG.java:1149)
	at org.testng.TestNG.run(TestNG.java:1057)
	at org.apache.maven.surefire.testng.TestNGExecutor.run(TestNGExecutor.java:70)
	at org.apache.maven.surefire.testng.TestNGDirectoryTestSuite.executeMulti(TestNGDirectoryTestSuite.java:158)
	at org.apache.maven.surefire.testng.TestNGDirectoryTestSuite.execute(TestNGDirectoryTestSuite.java:98)
	at org.apache.maven.surefire.testng.TestNGProvider.invoke(TestNGProvider.java:111)
	at sun.reflect.NativeMethodAccessorImpl.invoke0(Native Method)
	at sun.reflect.NativeMethodAccessorImpl.invoke(NativeMethodAccessorImpl.java:57)
	at sun.reflect.DelegatingMethodAccessorImpl.invoke(DelegatingMethodAccessorImpl.java:43)
	at java.lang.reflect.Method.invoke(Method.java:606)
	at org.apache.maven.surefire.util.ReflectionUtils.invokeMethodWithArray(ReflectionUtils.java:164)
	at org.apache.maven.surefire.booter.ProviderFactory$ProviderProxy.invoke(ProviderFactory.java:110)
	at org.apache.maven.surefire.booter.SurefireStarter.invokeProvider(SurefireStarter.java:175)
	at org.apache.maven.surefire.booter.SurefireStarter.runSuitesInProcessWhenForked(SurefireStarter.java:107)
	at org.apache.maven.surefire.booter.ForkedBooter.main(ForkedBooter.java:68)
]]>
            </full-stacktrace>
          </exception> <!-- java.lang.Throwable -->
          <reporter-output>
          </reporter-output>
        </test-method> <!-- delete -->
        <test-method status="PASS" signature="springTestContextAfterTestClass()[pri:0, instance:za.ac.cput.repository.AssetCrudTest@97e90e]" name="springTestContextAfterTestClass" is-config="true" duration-ms="1" started-at="2015-05-24T16:43:13Z" finished-at="2015-05-24T16:43:13Z">
          <reporter-output>
          </reporter-output>
        </test-method> <!-- springTestContextAfterTestClass -->
        <test-method status="SKIP" signature="update()[pri:0, instance:za.ac.cput.repository.AssetCrudTest@97e90e]" name="update" duration-ms="0" started-at="2015-05-24T16:43:13Z" depends-on-methods="za.ac.cput.repository.AssetCrudTest.read" finished-at="2015-05-24T16:43:13Z">
          <exception class="java.lang.Throwable">
            <message>
              <![CDATA[Method AssetCrudTest.update()[pri:0, instance:za.ac.cput.repository.AssetCrudTest@97e90e] depends on not successfully finished methods]]>
            </message>
            <full-stacktrace>
              <![CDATA[java.lang.Throwable: Method AssetCrudTest.update()[pri:0, instance:za.ac.cput.repository.AssetCrudTest@97e90e] depends on not successfully finished methods
	at org.testng.internal.Invoker.invokeTestMethods(Invoker.java:1099)
	at org.testng.internal.TestMethodWorker.invokeTestMethods(TestMethodWorker.java:124)
	at org.testng.internal.TestMethodWorker.run(TestMethodWorker.java:108)
	at org.testng.TestRunner.privateRun(TestRunner.java:767)
	at org.testng.TestRunner.run(TestRunner.java:617)
	at org.testng.SuiteRunner.runTest(SuiteRunner.java:348)
	at org.testng.SuiteRunner.runSequentially(SuiteRunner.java:343)
	at org.testng.SuiteRunner.privateRun(SuiteRunner.java:305)
	at org.testng.SuiteRunner.run(SuiteRunner.java:254)
	at org.testng.SuiteRunnerWorker.runSuite(SuiteRunnerWorker.java:52)
	at org.testng.SuiteRunnerWorker.run(SuiteRunnerWorker.java:86)
	at org.testng.TestNG.runSuitesSequentially(TestNG.java:1224)
	at org.testng.TestNG.runSuitesLocally(TestNG.java:1149)
	at org.testng.TestNG.run(TestNG.java:1057)
	at org.apache.maven.surefire.testng.TestNGExecutor.run(TestNGExecutor.java:70)
	at org.apache.maven.surefire.testng.TestNGDirectoryTestSuite.executeMulti(TestNGDirectoryTestSuite.java:158)
	at org.apache.maven.surefire.testng.TestNGDirectoryTestSuite.execute(TestNGDirectoryTestSuite.java:98)
	at org.apache.maven.surefire.testng.TestNGProvider.invoke(TestNGProvider.java:111)
	at sun.reflect.NativeMethodAccessorImpl.invoke0(Native Method)
	at sun.reflect.NativeMethodAccessorImpl.invoke(NativeMethodAccessorImpl.java:57)
	at sun.reflect.DelegatingMethodAccessorImpl.invoke(DelegatingMethodAccessorImpl.java:43)
	at java.lang.reflect.Method.invoke(Method.java:606)
	at org.apache.maven.surefire.util.ReflectionUtils.invokeMethodWithArray(ReflectionUtils.java:164)
	at org.apache.maven.surefire.booter.ProviderFactory$ProviderProxy.invoke(ProviderFactory.java:110)
	at org.apache.maven.surefire.booter.SurefireStarter.invokeProvider(SurefireStarter.java:175)
	at org.apache.maven.surefire.booter.SurefireStarter.runSuitesInProcessWhenForked(SurefireStarter.java:107)
	at org.apache.maven.surefire.booter.ForkedBooter.main(ForkedBooter.java:68)
]]>
            </full-stacktrace>
          </exception> <!-- java.lang.Throwable -->
          <reporter-output>
          </reporter-output>
        </test-method> <!-- update -->
      </class> <!-- za.ac.cput.repository.AssetCrudTest -->
    </test> <!-- Command line test -->
  </suite> <!-- Command line suite -->
</testng-results>
