<?xml version="1.0" encoding="UTF-8"?>
<testng-results skipped="0" failed="0" total="1" passed="1">
  <reporter-output>
  </reporter-output>
  <suite name="Command line suite" duration-ms="48" started-at="2015-05-24T14:43:13Z" finished-at="2015-05-24T14:43:13Z">
    <groups>
    </groups>
    <test name="Command line test" duration-ms="48" started-at="2015-05-24T14:43:13Z" finished-at="2015-05-24T14:43:13Z">
      <class name="za.ac.cput.AppTest">
        <test-method status="PASS" signature="testApp()[pri:0, instance:testApp(za.ac.cput.AppTest)]" name="testApp" duration-ms="1" started-at="2015-05-24T16:43:13Z" finished-at="2015-05-24T16:43:13Z">
          <reporter-output>
          </reporter-output>
        </test-method> <!-- testApp -->
      </class> <!-- za.ac.cput.AppTest -->
    </test> <!-- Command line test -->
  </suite> <!-- Command line suite -->
</testng-results>
